#
# A fatal error has been detected by the Java Runtime Environment:
#
#  EXCEPTION_ACCESS_VIOLATION (0xc0000005) at pc=0x000002b1732f54cc, pid=7568, tid=3304
#
# JRE version: OpenJDK Runtime Environment Temurin-17.0.1+12 (17.0.1+12) (build 17.0.1+12)
# Java VM: OpenJDK 64-Bit Server VM Temurin-17.0.1+12 (17.0.1+12, mixed mode, emulated-client, tiered, compressed oops, compressed class ptrs, g1 gc, windows-amd64)
# Problematic frame:
# J 7873 c1 javax.servlet.http.HttpServletRequestWrapper.getDateHeader(Ljava/lang/String;)J (11 bytes) @ 0x000002b1732f54cc [0x000002b1732f54a0+0x000000000000002c]
#
# No core dump will be written. Minidumps are not enabled by default on client versions of Windows
#
# If you would like to submit a bug report, please visit:
#   https://github.com/adoptium/adoptium-support/issues
#

---------------  S U M M A R Y ------------

Command Line: -Dcom.sun.management.jmxremote -Dcom.sun.management.jmxremote.port=51040 -Dcom.sun.management.jmxremote.authenticate=false -Dcom.sun.management.jmxremote.ssl=false -Djava.rmi.server.hostname=localhost -Dspring.jmx.enabled=true -Dmanagement.endpoints.jmx.exposure.include=* -Dspring.application.admin.enabled=true -XX:TieredStopAtLevel=1 -Dspring.boot.project.name=housing-trio -Dfile.encoding=UTF-8 -Dstdout.encoding=UTF-8 -Dstderr.encoding=UTF-8 -XX:+ShowCodeDetailsInExceptionMessages -agentpath:C:\Program Files\SentinelOne\Sentinel Agent 24.1.5.277\SentinelJava64.dll=extendedCapabilities com.ht.HousingTrioApplication --spring.output.ansi.enabled=always

Host: Intel(R) Core(TM) i3-1005G1 CPU @ 1.20GHz, 4 cores, 7G,  Windows 10 , 64 bit Build 26100 (10.0.26100.2454)
Time: Sun Dec  1 20:37:32 2024 India Standard Time elapsed time: 90.663450 seconds (0d 0h 1m 30s)

---------------  T H R E A D  ---------------

Current thread (0x000002b17f630570):  JavaThread "http-nio-8080-exec-5" daemon [_thread_in_Java, id=3304, stack(0x000000f9bb100000,0x000000f9bb200000)]

Stack: [0x000000f9bb100000,0x000000f9bb200000],  sp=0x000000f9bb1f8a60,  free space=994k
Native frames: (J=compiled Java code, j=interpreted, Vv=VM code, C=native code)
C  0x000002b1732f54cc


siginfo: EXCEPTION_ACCESS_VIOLATION (0xc0000005), reading address 0x000000000000000c


Register to memory mapping:

RIP=0x000002b1732f54cc is at entry_point+44 in (nmethod*)0x000002b1732f5310
RAX={method} {0x000002b10390ec08} 'getDateHeader' '(Ljava/lang/String;)J' in 'javax/servlet/http/HttpServletRequestWrapper'
RBX={method} {0x000002b10390ec08} 'getDateHeader' '(Ljava/lang/String;)J' in 'javax/servlet/http/HttpServletRequestWrapper'
RCX=0x000000f9bb1f8d00 is pointing into the stack for thread: 0x000002b17f630570
RDX=0x0 is NULL
RSP=0x000000f9bb1f8a60 is pointing into the stack for thread: 0x000002b17f630570
RBP=0x000000f9bb1f8cb0 is pointing into the stack for thread: 0x000002b17f630570
RSI=0x000000f9bb1f8f10 is pointing into the stack for thread: 0x000002b17f630570
RDI=0x000002b17f630570 is a thread
R8 =0x0000000086498848 is an oop: org.springframework.security.web.servletapi.HttpServlet3RequestFactory$Servlet3SecurityContextHolderAwareRequestWrapper 
{0x0000000086498848} - klass: 'org/springframework/security/web/servletapi/HttpServlet3RequestFactory$Servlet3SecurityContextHolderAwareRequestWrapper'
 - ---- fields (total size 4 words):
 - private 'request' 'Ljavax/servlet/ServletRequest;' @12  a 'org/springframework/security/web/firewall/StrictHttpFirewall$StrictFirewalledRequest'{0x0000000086498150} (86498150)
 - private final 'trustResolver' 'Lorg/springframework/security/authentication/AuthenticationTrustResolver;' @16  a 'org/springframework/security/authentication/AuthenticationTrustResolverImpl'{0x0000000084da37a0} (84da37a0)
 - private final 'rolePrefix' 'Ljava/lang/String;' @20  "ROLE_"{0x0000000084da37b8} (84da37b8)
 - private final 'response' 'Ljavax/servlet/http/HttpServletResponse;' @24  a 'org/springframework/security/web/firewall/FirewalledResponse'{0x0000000086498168} (86498168)
 - final synthetic 'this$0' 'Lorg/springframework/security/web/servletapi/HttpServlet3RequestFactory;' @28  a 'org/springframework/security/web/servletapi/HttpServlet3RequestFactory'{0x0000000084da37e8} (84da37e8)
R9 =0x0000000000000001 is an unknown value
R10=0x00007ffefd8bd2d0 jvm.dll
R11=0x000002b1732f54c0 is at entry_point+32 in (nmethod*)0x000002b1732f5310
R12=0x0 is NULL
R13=0x000000f9bb1f8ad0 is pointing into the stack for thread: 0x000002b17f630570
R14=0x0000000000000001 is an unknown value
R15=0x000002b17f630570 is a thread


Registers:
RAX=0x000002b10390ec00, RBX=0x000002b10390ec00, RCX=0x000000f9bb1f8d00, RDX=0x0000000000000000
RSP=0x000000f9bb1f8a60, RBP=0x000000f9bb1f8cb0, RSI=0x000000f9bb1f8f10, RDI=0x000002b17f630570
R8 =0x0000000086498848, R9 =0x0000000000000001, R10=0x00007ffefd8bd2d0, R11=0x000002b1732f54c0
R12=0x0000000000000000, R13=0x000000f9bb1f8ad0, R14=0x0000000000000001, R15=0x000002b17f630570
RIP=0x000002b1732f54cc, EFLAGS=0x0000000000010206

Top of Stack: (sp=0x000000f9bb1f8a60)
0x000000f9bb1f8a60:   00000000000000b0 000002b16cc10000
0x000000f9bb1f8a70:   000000f9bb1f9528 000002b17286ad8c
0x000000f9bb1f8a80:   00000000864992d0 0000000000000000
0x000000f9bb1f8a90:   0000000000000000 005c020800000000
0x000000f9bb1f8aa0:   000000000000009c 0000000000000000
0x000000f9bb1f8ab0:   000000f9bb1f8cb0 000002b1725010ea
0x000000f9bb1f8ac0:   0000004f00000005 000002b1725010ea
0x000000f9bb1f8ad0:   0000000086498848 0000000000000000
0x000000f9bb1f8ae0:   0000000000000000 0000000000000000
0x000000f9bb1f8af0:   0000000000000000 0000000000000000
0x000000f9bb1f8b00:   0000000000000000 0000000000000000
0x000000f9bb1f8b10:   0000000000000000 0000000000000000
0x000000f9bb1f8b20:   0000000000000000 0000000000000000
0x000000f9bb1f8b30:   0000000000000000 0000000000000000
0x000000f9bb1f8b40:   0000000000000000 0000000000000000
0x000000f9bb1f8b50:   0000000000000000 0000000000000000 

Instructions: (pc=0x000002b1732f54cc)
0x000002b1732f53cc:   00 00 00 00 ff ff ff ff 00 00 00 00 00 00 00 00
0x000002b1732f53dc:   00 00 00 00 00 00 00 00 00 00 00 00 a0 54 2f 73
0x000002b1732f53ec:   b1 02 00 00 c0 54 2f 73 b1 02 00 00 a0 54 2f 73
0x000002b1732f53fc:   b1 02 00 00 a4 02 00 00 60 02 00 00 90 01 00 00
0x000002b1732f540c:   90 02 00 00 d8 02 00 00 e0 02 00 00 00 00 00 00
0x000002b1732f541c:   20 03 00 00 60 03 00 00 68 03 00 00 68 03 00 00
0x000002b1732f542c:   68 03 00 00 68 03 00 00 68 03 00 00 68 03 00 00
0x000002b1732f543c:   48 00 00 00 c1 1e 00 00 01 00 00 00 00 00 00 00
0x000002b1732f544c:   02 00 00 00 00 00 00 00 00 00 00 00 60 00 00 00
0x000002b1732f545c:   02 00 00 00 ff ff ff ff ff ff ff ff 0b 60 2e c0
0x000002b1732f546c:   26 64 0a f0 38 24 0a b0 12 64 17 f0 05 80 11 64
0x000002b1732f547c:   29 64 0e 00 01 f8 73 ff 05 50 00 c0 0a 64 05 64
0x000002b1732f548c:   03 f8 6e fd 18 3c fe 7f 05 70 0e 60 01 f8 2e ff
0x000002b1732f549c:   0e 90 0c 64 44 8b 52 08 49 c1 e2 03 4c 3b d0 0f
0x000002b1732f54ac:   85 cf 7a 25 ff 66 66 66 0f 1f 84 00 00 00 00 00
0x000002b1732f54bc:   66 66 66 90 89 84 24 00 90 ff ff 55 48 83 ec 50
0x000002b1732f54cc:   8b 72 0c 48 83 fe 00 0f 84 3b 00 00 00 48 b8 f8
0x000002b1732f54dc:   4d 44 00 01 00 00 00 8b 5e 08 48 c1 e3 03 48 3b
0x000002b1732f54ec:   43 20 0f 84 20 00 00 00 48 3b d8 0f 84 17 00 00
0x000002b1732f54fc:   00 53 50 e8 7c 18 30 ff 5b 5b 83 fb 00 0f 84 40
0x000002b1732f550c:   00 00 00 e9 00 00 00 00 49 8b f8 4c 8b c7 48 89
0x000002b1732f551c:   54 24 38 48 8b d6 48 89 7c 24 40 66 0f 1f 44 00
0x000002b1732f552c:   00 48 b8 ff ff ff ff ff ff ff ff e8 44 85 25 ff
0x000002b1732f553c:   48 83 c4 50 5d 49 3b a7 40 03 00 00 0f 87 0a 00
0x000002b1732f554c:   00 00 c3 48 89 34 24 e8 48 12 30 ff 49 ba 41 55
0x000002b1732f555c:   2f 73 b1 02 00 00 4d 89 97 58 03 00 00 e9 12 f4
0x000002b1732f556c:   25 ff 90 90 49 8b 87 d0 03 00 00 49 c7 87 d0 03
0x000002b1732f557c:   00 00 00 00 00 00 49 c7 87 d8 03 00 00 00 00 00
0x000002b1732f558c:   00 48 83 c4 50 5d e9 e9 d6 2f ff f4 f4 f4 f4 f4
0x000002b1732f559c:   f4 f4 f4 f4 0f 1f 44 00 00 48 bb 00 00 00 00 00
0x000002b1732f55ac:   00 00 00 e9 fb ff ff ff e8 c7 0b 30 ff 48 b9 18
0x000002b1732f55bc:   3c 6e fd fe 7f 00 00 48 83 e4 f0 49 ba a0 8d 36 


Stack slot to memory mapping:
stack at sp + 0 slots: 0x00000000000000b0 is an unknown value
stack at sp + 1 slots: 0x000002b16cc10000 points into unknown readable memory: 0x0000000000000000 | 00 00 00 00 00 00 00 00
stack at sp + 2 slots: 0x000000f9bb1f9528 is pointing into the stack for thread: 0x000002b17f630570
stack at sp + 3 slots: 0x000002b17286ad8c is at entry_point+716 in (nmethod*)0x000002b17286a890
stack at sp + 4 slots: 0x00000000864992d0 is an oop: java.lang.String 
{0x00000000864992d0} - klass: 'java/lang/String'
 - string: "/D:/Ahad/Boot-Workspace/housing-trio/src/main/webapp/WEB-INF/jsp/Error.jsp"
stack at sp + 5 slots: 0x0 is NULL
stack at sp + 6 slots: 0x0 is NULL
stack at sp + 7 slots: 0x005c020800000000 is an unknown value

--------------------------------------------------------------------------------
[Constant Pool (empty)]

--------------------------------------------------------------------------------

[MachCode]
  0x000002b1732f54a0: 448b 5208 | 49c1 e203 | 4c3b d00f | 85cf 7a25 | ff66 6666 | 0f1f 8400 | 0000 0000 | 6666 6690 
  0x000002b1732f54c0: 8984 2400 | 90ff ff55 | 4883 ec50 | 8b72 0c48 | 83fe 000f | 843b 0000 | 0048 b8f8 | 4d44 0001 
  0x000002b1732f54e0: 0000 008b | 5e08 48c1 | e303 483b | 4320 0f84 | 2000 0000 | 483b d80f | 8417 0000 | 0053 50e8 
  0x000002b1732f5500: 7c18 30ff | 5b5b 83fb | 000f 8440 | 0000 00e9 | 0000 0000 | 498b f84c | 8bc7 4889 | 5424 3848 
  0x000002b1732f5520: 8bd6 4889 | 7c24 4066 | 0f1f 4400 | 0048 b8ff | ffff ffff | ffff ffe8 | 4485 25ff | 4883 c450 
  0x000002b1732f5540: 5d49 3ba7 | 4003 0000 | 0f87 0a00 | 0000 c348 | 8934 24e8 | 4812 30ff | 49ba 4155 | 2f73 b102 
  0x000002b1732f5560: 0000 4d89 | 9758 0300 | 00e9 12f4 | 25ff 9090 | 498b 87d0 | 0300 0049 | c787 d003 | 0000 0000 
  0x000002b1732f5580: 0000 49c7 | 87d8 0300 | 0000 0000 | 0048 83c4 | 505d e9e9 | d62f fff4 | f4f4 f4f4 | f4f4 f4f4 
  0x000002b1732f55a0: 0f1f 4400 | 0048 bb00 | 0000 0000 | 0000 00e9 | fbff ffff | e8c7 0b30 | ff48 b918 | 3c6e fdfe 
  0x000002b1732f55c0: 7f00 0048 | 83e4 f049 | baa0 8d36 | fdfe 7f00 | 0041 ffd2 | f449 bad5 | 552f 73b1 | 0200 0041 
  0x000002b1732f55e0: 52e9 ba08 | 26ff f4f4 
[/MachCode]
--------------------------------------------------------------------------------


---------------  P R O C E S S  ---------------

Threads class SMR info:
_java_thread_list=0x000002b17f548f70, length=36, elements={
0x000002b17c9cd260, 0x000002b17c9ac910, 0x000002b17d4423b0, 0x000002b17d445f90,
0x000002b17d4473c0, 0x000002b17d452c50, 0x000002b17d45a840, 0x000002b17d47e810,
0x000002b17d513020, 0x000002b17d64c2c0, 0x000002b17dbe98d0, 0x000002b17dbdbac0,
0x000002b17dbdd710, 0x000002b17dd04870, 0x000002b17dd2ea60, 0x000002b17df51f10,
0x000002b17f62a060, 0x000002b17f62b3a0, 0x000002b17f62d550, 0x000002b17f62def0,
0x000002b17f62c210, 0x000002b17f62d080, 0x000002b17f62e890, 0x000002b17f62e3c0,
0x000002b17f62aed0, 0x000002b17f62ed60, 0x000002b17f62f230, 0x000002b17f630570,
0x000002b17f62f700, 0x000002b17f62fbd0, 0x000002b17f6300a0, 0x000002b17f6313e0,
0x000002b17f630a40, 0x000002b17f630f10, 0x000002b17f6318b0, 0x000002b17df71ba0
}

Java Threads: ( => current thread )
  0x000002b17c9cd260 JavaThread "Reference Handler" daemon [_thread_blocked, id=3432, stack(0x000000f9b8900000,0x000000f9b8a00000)]
  0x000002b17c9ac910 JavaThread "Finalizer" daemon [_thread_blocked, id=13224, stack(0x000000f9b8a00000,0x000000f9b8b00000)]
  0x000002b17d4423b0 JavaThread "Signal Dispatcher" daemon [_thread_blocked, id=1724, stack(0x000000f9b8b00000,0x000000f9b8c00000)]
  0x000002b17d445f90 JavaThread "Attach Listener" daemon [_thread_blocked, id=14148, stack(0x000000f9b8c00000,0x000000f9b8d00000)]
  0x000002b17d4473c0 JavaThread "Service Thread" daemon [_thread_blocked, id=14240, stack(0x000000f9b8d00000,0x000000f9b8e00000)]
  0x000002b17d452c50 JavaThread "Monitor Deflation Thread" daemon [_thread_blocked, id=8376, stack(0x000000f9b8e00000,0x000000f9b8f00000)]
  0x000002b17d45a840 JavaThread "C1 CompilerThread0" daemon [_thread_blocked, id=4732, stack(0x000000f9b8f00000,0x000000f9b9000000)]
  0x000002b17d47e810 JavaThread "Sweeper thread" daemon [_thread_blocked, id=9884, stack(0x000000f9b9000000,0x000000f9b9100000)]
  0x000002b17d513020 JavaThread "Common-Cleaner" daemon [_thread_blocked, id=1256, stack(0x000000f9b9100000,0x000000f9b9200000)]
  0x000002b17d64c2c0 JavaThread "Notification Thread" daemon [_thread_blocked, id=3976, stack(0x000000f9b9400000,0x000000f9b9500000)]
  0x000002b17dbe98d0 JavaThread "RMI TCP Accept-0" daemon [_thread_in_native, id=5184, stack(0x000000f9b9500000,0x000000f9b9600000)]
  0x000002b17dbdbac0 JavaThread "RMI TCP Accept-51040" daemon [_thread_in_native, id=10804, stack(0x000000f9b9600000,0x000000f9b9700000)]
  0x000002b17dbdd710 JavaThread "RMI TCP Accept-0" daemon [_thread_in_native, id=4480, stack(0x000000f9b9700000,0x000000f9b9800000)]
  0x000002b17dd04870 JavaThread "RMI Scheduler(0)" daemon [_thread_blocked, id=9508, stack(0x000000f9b9f00000,0x000000f9ba000000)]
  0x000002b17dd2ea60 JavaThread "RMI TCP Connection(idle)" daemon [_thread_blocked, id=11276, stack(0x000000f9ba000000,0x000000f9ba100000)]
  0x000002b17df51f10 JavaThread "JMX server connection timeout 21" daemon [_thread_blocked, id=11024, stack(0x000000f9ba100000,0x000000f9ba200000)]
  0x000002b17f62a060 JavaThread "Catalina-utility-1" [_thread_blocked, id=10076, stack(0x000000f9ba400000,0x000000f9ba500000)]
  0x000002b17f62b3a0 JavaThread "Catalina-utility-2" [_thread_blocked, id=8040, stack(0x000000f9ba500000,0x000000f9ba600000)]
  0x000002b17f62d550 JavaThread "container-0" [_thread_blocked, id=9928, stack(0x000000f9ba600000,0x000000f9ba700000)]
  0x000002b17f62def0 JavaThread "mysql-cj-abandoned-connection-cleanup" daemon [_thread_blocked, id=2660, stack(0x000000f9ba700000,0x000000f9ba800000)]
  0x000002b17f62c210 JavaThread "HikariPool-1 housekeeper" daemon [_thread_blocked, id=9848, stack(0x000000f9ba900000,0x000000f9baa00000)]
  0x000002b17f62d080 JavaThread "File Watcher" daemon [_thread_blocked, id=4176, stack(0x000000f9bab00000,0x000000f9bac00000)]
  0x000002b17f62e890 JavaThread "Live Reload Server" daemon [_thread_in_native, id=8892, stack(0x000000f9bad00000,0x000000f9bae00000)]
  0x000002b17f62e3c0 JavaThread "http-nio-8080-exec-1" daemon [_thread_blocked, id=4388, stack(0x000000f9bac00000,0x000000f9bad00000)]
  0x000002b17f62aed0 JavaThread "http-nio-8080-exec-2" daemon [_thread_blocked, id=3848, stack(0x000000f9bae00000,0x000000f9baf00000)]
  0x000002b17f62ed60 JavaThread "http-nio-8080-exec-3" daemon [_thread_blocked, id=4912, stack(0x000000f9baf00000,0x000000f9bb000000)]
  0x000002b17f62f230 JavaThread "http-nio-8080-exec-4" daemon [_thread_blocked, id=10216, stack(0x000000f9bb000000,0x000000f9bb100000)]
=>0x000002b17f630570 JavaThread "http-nio-8080-exec-5" daemon [_thread_in_Java, id=3304, stack(0x000000f9bb100000,0x000000f9bb200000)]
  0x000002b17f62f700 JavaThread "http-nio-8080-exec-6" daemon [_thread_blocked, id=8756, stack(0x000000f9bb200000,0x000000f9bb300000)]
  0x000002b17f62fbd0 JavaThread "http-nio-8080-exec-7" daemon [_thread_blocked, id=5032, stack(0x000000f9bb300000,0x000000f9bb400000)]
  0x000002b17f6300a0 JavaThread "http-nio-8080-exec-8" daemon [_thread_blocked, id=9180, stack(0x000000f9bb400000,0x000000f9bb500000)]
  0x000002b17f6313e0 JavaThread "http-nio-8080-exec-9" daemon [_thread_blocked, id=1336, stack(0x000000f9bb500000,0x000000f9bb600000)]
  0x000002b17f630a40 JavaThread "http-nio-8080-exec-10" daemon [_thread_blocked, id=8992, stack(0x000000f9bb600000,0x000000f9bb700000)]
  0x000002b17f630f10 JavaThread "http-nio-8080-Poller" daemon [_thread_in_native, id=12780, stack(0x000000f9bb700000,0x000000f9bb800000)]
  0x000002b17f6318b0 JavaThread "http-nio-8080-Acceptor" daemon [_thread_in_native, id=10768, stack(0x000000f9bb800000,0x000000f9bb900000)]
  0x000002b17df71ba0 JavaThread "DestroyJavaVM" [_thread_blocked, id=2500, stack(0x000000f9b8200000,0x000000f9b8300000)]

Other Threads:
  0x000002b17c9a8500 VMThread "VM Thread" [stack: 0x000000f9b8800000,0x000000f9b8900000] [id=11272]
  0x000002b17dbddbe0 WatcherThread [stack: 0x000000f9b9800000,0x000000f9b9900000] [id=11636]
  0x000002b16ee29110 GCTaskThread "GC Thread#0" [stack: 0x000000f9b8300000,0x000000f9b8400000] [id=2944]
  0x000002b17dbe0bb0 GCTaskThread "GC Thread#1" [stack: 0x000000f9b9900000,0x000000f9b9a00000] [id=7688]
  0x000002b17dbe0e60 GCTaskThread "GC Thread#2" [stack: 0x000000f9b9a00000,0x000000f9b9b00000] [id=10120]
  0x000002b17dd10190 GCTaskThread "GC Thread#3" [stack: 0x000000f9b9b00000,0x000000f9b9c00000] [id=13940]
  0x000002b16ee39820 ConcurrentGCThread "G1 Main Marker" [stack: 0x000000f9b8400000,0x000000f9b8500000] [id=848]
  0x000002b16ee3ecf0 ConcurrentGCThread "G1 Conc#0" [stack: 0x000000f9b8500000,0x000000f9b8600000] [id=8568]
  0x000002b16ee5dd20 ConcurrentGCThread "G1 Refine#0" [stack: 0x000000f9b8600000,0x000000f9b8700000] [id=6672]
  0x000002b17dd14450 ConcurrentGCThread "G1 Refine#1" [stack: 0x000000f9b9c00000,0x000000f9b9d00000] [id=9980]
  0x000002b17dd14730 ConcurrentGCThread "G1 Refine#2" [stack: 0x000000f9b9d00000,0x000000f9b9e00000] [id=8016]
  0x000002b17c81a7f0 ConcurrentGCThread "G1 Service" [stack: 0x000000f9b8700000,0x000000f9b8800000] [id=13760]

Threads with active compile tasks:

VM state: not at safepoint (normal execution)

VM Mutex/Monitor currently owned by a thread: None

Heap address: 0x0000000083200000, size: 1998 MB, Compressed Oops mode: 32-bit

CDS archive(s) not mapped
Compressed class space mapped at: 0x0000000100000000-0x0000000140000000, reserved size: 1073741824
Narrow klass base: 0x0000000000000000, Narrow klass shift: 3, Narrow klass range: 0x140000000

GC Precious Log:
 CPUs: 4 total, 4 available
 Memory: 7987M
 Large Page Support: Disabled
 NUMA Support: Disabled
 Compressed Oops: Enabled (32-bit)
 Heap Region Size: 1M
 Heap Min Capacity: 8M
 Heap Initial Capacity: 126M
 Heap Max Capacity: 1998M
 Pre-touch: Disabled
 Parallel Workers: 4
 Concurrent Workers: 1
 Concurrent Refinement Workers: 4
 Periodic GC: Disabled

Heap:
 garbage-first heap   total 75776K, used 58086K [0x0000000083200000, 0x0000000100000000)
  region size 1024K, 24 young (24576K), 1 survivors (1024K)
 Metaspace       used 79340K, committed 79808K, reserved 1122304K
  class space    used 10290K, committed 10496K, reserved 1048576K

Heap Regions: E=young(eden), S=young(survivor), O=old, HS=humongous(starts), HC=humongous(continues), CS=collection set, F=free, OA=open archive, CA=closed archive, TAMS=top-at-mark-start (previous, next)
|   0|0x0000000083200000, 0x0000000083300000, 0x0000000083300000|100%|HS|  |TAMS 0x0000000083300000, 0x0000000083200000| Complete 
|   1|0x0000000083300000, 0x0000000083400000, 0x0000000083400000|100%| O|  |TAMS 0x0000000083400000, 0x0000000083300000| Untracked 
|   2|0x0000000083400000, 0x0000000083500000, 0x0000000083500000|100%| O|  |TAMS 0x0000000083500000, 0x0000000083400000| Untracked 
|   3|0x0000000083500000, 0x0000000083600000, 0x0000000083600000|100%| O|  |TAMS 0x0000000083600000, 0x0000000083500000| Untracked 
|   4|0x0000000083600000, 0x0000000083700000, 0x0000000083700000|100%| O|  |TAMS 0x0000000083700000, 0x0000000083600000| Untracked 
|   5|0x0000000083700000, 0x0000000083800000, 0x0000000083800000|100%| O|  |TAMS 0x0000000083800000, 0x0000000083700000| Untracked 
|   6|0x0000000083800000, 0x0000000083878a00, 0x0000000083900000| 47%| O|  |TAMS 0x0000000083878a00, 0x0000000083800000| Untracked 
|   7|0x0000000083900000, 0x0000000083a00000, 0x0000000083a00000|100%| O|  |TAMS 0x0000000083a00000, 0x0000000083900000| Untracked 
|   8|0x0000000083a00000, 0x0000000083b00000, 0x0000000083b00000|100%| O|  |TAMS 0x0000000083b00000, 0x0000000083a00000| Untracked 
|   9|0x0000000083b00000, 0x0000000083c00000, 0x0000000083c00000|100%| O|  |TAMS 0x0000000083c00000, 0x0000000083b00000| Untracked 
|  10|0x0000000083c00000, 0x0000000083d00000, 0x0000000083d00000|100%| O|  |TAMS 0x0000000083d00000, 0x0000000083c00000| Untracked 
|  11|0x0000000083d00000, 0x0000000083e00000, 0x0000000083e00000|100%| O|  |TAMS 0x0000000083e00000, 0x0000000083d00000| Untracked 
|  12|0x0000000083e00000, 0x0000000083f00000, 0x0000000083f00000|100%| O|  |TAMS 0x0000000083f00000, 0x0000000083e00000| Untracked 
|  13|0x0000000083f00000, 0x0000000084000000, 0x0000000084000000|100%| O|  |TAMS 0x0000000084000000, 0x0000000083f00000| Untracked 
|  14|0x0000000084000000, 0x0000000084100000, 0x0000000084100000|100%| O|  |TAMS 0x0000000084100000, 0x0000000084000000| Untracked 
|  15|0x0000000084100000, 0x0000000084200000, 0x0000000084200000|100%| O|  |TAMS 0x0000000084200000, 0x0000000084100000| Untracked 
|  16|0x0000000084200000, 0x0000000084300000, 0x0000000084300000|100%| O|  |TAMS 0x0000000084300000, 0x0000000084200000| Untracked 
|  17|0x0000000084300000, 0x0000000084300000, 0x0000000084400000|  0%| F|  |TAMS 0x0000000084300000, 0x0000000084300000| Untracked 
|  18|0x0000000084400000, 0x0000000084500000, 0x0000000084500000|100%| O|  |TAMS 0x0000000084500000, 0x0000000084400000| Untracked 
|  19|0x0000000084500000, 0x0000000084600000, 0x0000000084600000|100%| O|  |TAMS 0x0000000084600000, 0x0000000084500000| Untracked 
|  20|0x0000000084600000, 0x0000000084700000, 0x0000000084700000|100%| O|  |TAMS 0x0000000084700000, 0x0000000084600000| Untracked 
|  21|0x0000000084700000, 0x0000000084800000, 0x0000000084800000|100%| O|  |TAMS 0x0000000084800000, 0x0000000084700000| Untracked 
|  22|0x0000000084800000, 0x0000000084900000, 0x0000000084900000|100%| O|  |TAMS 0x0000000084900000, 0x0000000084800000| Untracked 
|  23|0x0000000084900000, 0x0000000084a00000, 0x0000000084a00000|100%| O|  |TAMS 0x0000000084a00000, 0x0000000084900000| Untracked 
|  24|0x0000000084a00000, 0x0000000084b00000, 0x0000000084b00000|100%| O|  |TAMS 0x0000000084b00000, 0x0000000084a00000| Untracked 
|  25|0x0000000084b00000, 0x0000000084c00000, 0x0000000084c00000|100%| O|  |TAMS 0x0000000084c00000, 0x0000000084b00000| Untracked 
|  26|0x0000000084c00000, 0x0000000084d00000, 0x0000000084d00000|100%| O|  |TAMS 0x0000000084d00000, 0x0000000084c00000| Untracked 
|  27|0x0000000084d00000, 0x0000000084e00000, 0x0000000084e00000|100%| O|  |TAMS 0x0000000084e00000, 0x0000000084d00000| Untracked 
|  28|0x0000000084e00000, 0x0000000084f00000, 0x0000000084f00000|100%| O|  |TAMS 0x0000000084f00000, 0x0000000084e00000| Untracked 
|  29|0x0000000084f00000, 0x0000000085000000, 0x0000000085000000|100%| O|  |TAMS 0x0000000085000000, 0x0000000084f00000| Untracked 
|  30|0x0000000085000000, 0x0000000085100000, 0x0000000085100000|100%| O|  |TAMS 0x0000000085100000, 0x0000000085000000| Untracked 
|  31|0x0000000085100000, 0x0000000085200000, 0x0000000085200000|100%| O|  |TAMS 0x0000000085200000, 0x0000000085100000| Untracked 
|  32|0x0000000085200000, 0x0000000085300000, 0x0000000085300000|100%| O|  |TAMS 0x0000000085300000, 0x0000000085200000| Untracked 
|  33|0x0000000085300000, 0x0000000085400000, 0x0000000085400000|100%| O|  |TAMS 0x0000000085400000, 0x0000000085300000| Untracked 
|  34|0x0000000085400000, 0x0000000085500000, 0x0000000085500000|100%| O|  |TAMS 0x0000000085400000, 0x0000000085400000| Untracked 
|  35|0x0000000085500000, 0x0000000085600000, 0x0000000085600000|100%| O|  |TAMS 0x0000000085500000, 0x0000000085500000| Untracked 
|  36|0x0000000085600000, 0x00000000856d5800, 0x0000000085700000| 83%| O|  |TAMS 0x0000000085600000, 0x0000000085600000| Untracked 
|  37|0x0000000085700000, 0x0000000085700000, 0x0000000085800000|  0%| F|  |TAMS 0x0000000085700000, 0x0000000085700000| Untracked 
|  38|0x0000000085800000, 0x0000000085800000, 0x0000000085900000|  0%| F|  |TAMS 0x0000000085800000, 0x0000000085800000| Untracked 
|  39|0x0000000085900000, 0x0000000085900000, 0x0000000085a00000|  0%| F|  |TAMS 0x0000000085900000, 0x0000000085900000| Untracked 
|  40|0x0000000085a00000, 0x0000000085a00000, 0x0000000085b00000|  0%| F|  |TAMS 0x0000000085a00000, 0x0000000085a00000| Untracked 
|  41|0x0000000085b00000, 0x0000000085b00000, 0x0000000085c00000|  0%| F|  |TAMS 0x0000000085b00000, 0x0000000085b00000| Untracked 
|  42|0x0000000085c00000, 0x0000000085c00000, 0x0000000085d00000|  0%| F|  |TAMS 0x0000000085c00000, 0x0000000085c00000| Untracked 
|  43|0x0000000085d00000, 0x0000000085d00000, 0x0000000085e00000|  0%| F|  |TAMS 0x0000000085d00000, 0x0000000085d00000| Untracked 
|  44|0x0000000085e00000, 0x0000000085e00000, 0x0000000085f00000|  0%| F|  |TAMS 0x0000000085e00000, 0x0000000085e00000| Untracked 
|  45|0x0000000085f00000, 0x0000000085f00000, 0x0000000086000000|  0%| F|  |TAMS 0x0000000085f00000, 0x0000000085f00000| Untracked 
|  46|0x0000000086000000, 0x0000000086000000, 0x0000000086100000|  0%| F|  |TAMS 0x0000000086000000, 0x0000000086000000| Untracked 
|  47|0x0000000086100000, 0x0000000086100000, 0x0000000086200000|  0%| F|  |TAMS 0x0000000086100000, 0x0000000086100000| Untracked 
|  48|0x0000000086200000, 0x0000000086200000, 0x0000000086300000|  0%| F|  |TAMS 0x0000000086200000, 0x0000000086200000| Untracked 
|  49|0x0000000086300000, 0x0000000086300000, 0x0000000086400000|  0%| F|  |TAMS 0x0000000086300000, 0x0000000086300000| Untracked 
|  50|0x0000000086400000, 0x00000000864d1388, 0x0000000086500000| 81%| E|  |TAMS 0x0000000086400000, 0x0000000086400000| Complete 
|  51|0x0000000086500000, 0x0000000086600000, 0x0000000086600000|100%| E|CS|TAMS 0x0000000086500000, 0x0000000086500000| Complete 
|  52|0x0000000086600000, 0x0000000086700000, 0x0000000086700000|100%| E|CS|TAMS 0x0000000086600000, 0x0000000086600000| Complete 
|  53|0x0000000086700000, 0x0000000086800000, 0x0000000086800000|100%| E|CS|TAMS 0x0000000086700000, 0x0000000086700000| Complete 
|  54|0x0000000086800000, 0x0000000086900000, 0x0000000086900000|100%| E|CS|TAMS 0x0000000086800000, 0x0000000086800000| Complete 
|  55|0x0000000086900000, 0x0000000086a00000, 0x0000000086a00000|100%| E|CS|TAMS 0x0000000086900000, 0x0000000086900000| Complete 
|  56|0x0000000086a00000, 0x0000000086b00000, 0x0000000086b00000|100%| E|CS|TAMS 0x0000000086a00000, 0x0000000086a00000| Complete 
|  57|0x0000000086b00000, 0x0000000086c00000, 0x0000000086c00000|100%| E|CS|TAMS 0x0000000086b00000, 0x0000000086b00000| Complete 
|  58|0x0000000086c00000, 0x0000000086d00000, 0x0000000086d00000|100%| E|  |TAMS 0x0000000086c00000, 0x0000000086c00000| Complete 
|  59|0x0000000086d00000, 0x0000000086e00000, 0x0000000086e00000|100%| E|CS|TAMS 0x0000000086d00000, 0x0000000086d00000| Complete 
|  60|0x0000000086e00000, 0x0000000086f00000, 0x0000000086f00000|100%| E|CS|TAMS 0x0000000086e00000, 0x0000000086e00000| Complete 
|  61|0x0000000086f00000, 0x0000000087000000, 0x0000000087000000|100%| E|CS|TAMS 0x0000000086f00000, 0x0000000086f00000| Complete 
|  62|0x0000000087000000, 0x0000000087100000, 0x0000000087100000|100%| E|CS|TAMS 0x0000000087000000, 0x0000000087000000| Complete 
|  63|0x0000000087100000, 0x0000000087200000, 0x0000000087200000|100%| E|CS|TAMS 0x0000000087100000, 0x0000000087100000| Complete 
|  64|0x0000000087200000, 0x0000000087300000, 0x0000000087300000|100%| E|CS|TAMS 0x0000000087200000, 0x0000000087200000| Complete 
|  65|0x0000000087300000, 0x0000000087400000, 0x0000000087400000|100%| E|CS|TAMS 0x0000000087300000, 0x0000000087300000| Complete 
|  66|0x0000000087400000, 0x0000000087500000, 0x0000000087500000|100%| E|CS|TAMS 0x0000000087400000, 0x0000000087400000| Complete 
|  67|0x0000000087500000, 0x0000000087600000, 0x0000000087600000|100%| E|CS|TAMS 0x0000000087500000, 0x0000000087500000| Complete 
|  68|0x0000000087600000, 0x0000000087700000, 0x0000000087700000|100%| E|CS|TAMS 0x0000000087600000, 0x0000000087600000| Complete 
|  69|0x0000000087700000, 0x0000000087800000, 0x0000000087800000|100%| E|CS|TAMS 0x0000000087700000, 0x0000000087700000| Complete 
|  70|0x0000000087800000, 0x0000000087900000, 0x0000000087900000|100%| E|CS|TAMS 0x0000000087800000, 0x0000000087800000| Complete 
|  71|0x0000000087900000, 0x0000000087a00000, 0x0000000087a00000|100%| E|CS|TAMS 0x0000000087900000, 0x0000000087900000| Complete 
|  88|0x0000000088a00000, 0x0000000088a6b620, 0x0000000088b00000| 41%| S|CS|TAMS 0x0000000088a00000, 0x0000000088a00000| Complete 
| 125|0x000000008af00000, 0x000000008b000000, 0x000000008b000000|100%| E|CS|TAMS 0x000000008af00000, 0x000000008af00000| Complete 

Card table byte_map: [0x000002b175d30000,0x000002b176120000] _byte_map_base: 0x000002b175917000

Marking Bits (Prev, Next): (CMBitMap*) 0x000002b16ee29530, (CMBitMap*) 0x000002b16ee29570
 Prev Bits: [0x000002b176510000, 0x000002b178448000)
 Next Bits: [0x000002b178450000, 0x000002b17a388000)

Polling page: 0x000002b16cf90000

Metaspace:

Usage:
  Non-class:     67.43 MB used.
      Class:     10.05 MB used.
       Both:     77.48 MB used.

Virtual space:
  Non-class space:       72.00 MB reserved,      67.69 MB ( 94%) committed,  9 nodes.
      Class space:        1.00 GB reserved,      10.25 MB (  1%) committed,  1 nodes.
             Both:        1.07 GB reserved,      77.94 MB (  7%) committed. 

Chunk freelists:
   Non-Class:  288.00 KB
       Class:  1.78 MB
        Both:  2.06 MB

MaxMetaspaceSize: unlimited
CompressedClassSpaceSize: 1.00 GB
Initial GC threshold: 21.00 MB
Current GC threshold: 129.69 MB
CDS: off
MetaspaceReclaimPolicy: balanced
 - commit_granule_bytes: 65536.
 - commit_granule_words: 8192.
 - virtual_space_node_default_size: 1048576.
 - enlarge_chunks_in_place: 1.
 - new_chunks_are_fully_committed: 0.
 - uncommit_free_chunks: 1.
 - use_allocation_guard: 0.
 - handle_deallocations: 1.


Internal statistics:

num_allocs_failed_limit: 17.
num_arena_births: 582.
num_arena_deaths: 0.
num_vsnodes_births: 10.
num_vsnodes_deaths: 0.
num_space_committed: 1247.
num_space_uncommitted: 0.
num_chunks_returned_to_freelist: 17.
num_chunks_taken_from_freelist: 3028.
num_chunk_merges: 11.
num_chunk_splits: 2181.
num_chunks_enlarged: 1705.
num_purges: 0.
num_inconsistent_stats: 0.

CodeCache: size=49152Kb used=14709Kb max_used=15530Kb free=34442Kb
 bounds [0x000002b172500000, 0x000002b173430000, 0x000002b175500000]
 total_blobs=8449 nmethods=7744 adapters=631
 compilation: enabled
              stopped_count=0, restarted_count=0
 full_count=0

Compilation events (20 events):
Event: 90.514 Thread 0x000002b17d45a840 7866       1       org.apache.catalina.connector.RequestFacade::isAsyncSupported (12 bytes)
Event: 90.515 Thread 0x000002b17d45a840 nmethod 7866 0x000002b1732f7410 code [0x000002b1732f75c0, 0x000002b1732f7778]
Event: 90.515 Thread 0x000002b17d45a840 7867       1       org.springframework.http.server.DefaultPathContainer::value (5 bytes)
Event: 90.515 Thread 0x000002b17d45a840 nmethod 7867 0x000002b1732f7110 code [0x000002b1732f72a0, 0x000002b1732f7378]
Event: 90.517 Thread 0x000002b17d45a840 7868       1       org.apache.catalina.connector.OutputBuffer::clear (10 bytes)
Event: 90.517 Thread 0x000002b17d45a840 nmethod 7868 0x000002b1732f6d90 code [0x000002b1732f6f40, 0x000002b1732f7058]
Event: 90.522 Thread 0x000002b17d45a840 7869       1       org.springframework.security.web.firewall.StrictHttpFirewall$$Lambda$1259/0x0000000100901c88::test (8 bytes)
Event: 90.522 Thread 0x000002b17d45a840 nmethod 7869 0x000002b1732f6990 code [0x000002b1732f6b40, 0x000002b1732f6c98]
Event: 90.529 Thread 0x000002b17d45a840 7870       1       org.apache.catalina.core.ApplicationHttpRequest::getAttribute (105 bytes)
Event: 90.529 Thread 0x000002b17d45a840 nmethod 7870 0x000002b1732f6110 code [0x000002b1732f6320, 0x000002b1732f66f8]
Event: 90.529 Thread 0x000002b17d45a840 7871       1       org.apache.catalina.core.ApplicationHttpRequest::getContextPath (5 bytes)
Event: 90.530 Thread 0x000002b17d45a840 nmethod 7871 0x000002b1732f5e10 code [0x000002b1732f5fa0, 0x000002b1732f6078]
Event: 90.530 Thread 0x000002b17d45a840 7872       1       org.apache.catalina.core.ApplicationFilterChain::addFilter (96 bytes)
Event: 90.531 Thread 0x000002b17d45a840 nmethod 7872 0x000002b1732f5690 code [0x000002b1732f5840, 0x000002b1732f5c28]
Event: 90.539 Thread 0x000002b17d45a840 7873       1       javax.servlet.http.HttpServletRequestWrapper::getDateHeader (11 bytes)
Event: 90.539 Thread 0x000002b17d45a840 nmethod 7873 0x000002b1732f5310 code [0x000002b1732f54a0, 0x000002b1732f55e8]
Event: 90.540 Thread 0x000002b17d45a840 7874       1       org.apache.tomcat.util.http.MimeHeaders::setValue (102 bytes)
Event: 90.541 Thread 0x000002b17d45a840 nmethod 7874 0x000002b1732f4a10 code [0x000002b1732f4c00, 0x000002b1732f4f58]
Event: 90.557 Thread 0x000002b17d45a840 7875       1       org.springframework.core.annotation.AnnotationUtils::isSingleLevelPresent (22 bytes)
Event: 90.557 Thread 0x000002b17d45a840 nmethod 7875 0x000002b1732f4710 code [0x000002b1732f48a0, 0x000002b1732f49a8]

GC Heap History (20 events):
Event: 8.692 GC heap before
{Heap before GC invocations=20 (full 0):
 garbage-first heap   total 75776K, used 57933K [0x0000000083200000, 0x0000000100000000)
  region size 1024K, 41 young (41984K), 6 survivors (6144K)
 Metaspace       used 56740K, committed 57152K, reserved 1105920K
  class space    used 7412K, committed 7616K, reserved 1048576K
}
Event: 8.699 GC heap after
{Heap after GC invocations=21 (full 0):
 garbage-first heap   total 75776K, used 25338K [0x0000000083200000, 0x0000000100000000)
  region size 1024K, 5 young (5120K), 5 survivors (5120K)
 Metaspace       used 56740K, committed 57152K, reserved 1105920K
  class space    used 7412K, committed 7616K, reserved 1048576K
}
Event: 9.443 GC heap before
{Heap before GC invocations=21 (full 0):
 garbage-first heap   total 75776K, used 59130K [0x0000000083200000, 0x0000000100000000)
  region size 1024K, 38 young (38912K), 5 survivors (5120K)
 Metaspace       used 60626K, committed 61056K, reserved 1105920K
  class space    used 8018K, committed 8256K, reserved 1048576K
}
Event: 9.448 GC heap after
{Heap after GC invocations=22 (full 0):
 garbage-first heap   total 75776K, used 26841K [0x0000000083200000, 0x0000000100000000)
  region size 1024K, 4 young (4096K), 4 survivors (4096K)
 Metaspace       used 60626K, committed 61056K, reserved 1105920K
  class space    used 8018K, committed 8256K, reserved 1048576K
}
Event: 9.549 GC heap before
{Heap before GC invocations=22 (full 0):
 garbage-first heap   total 75776K, used 32985K [0x0000000083200000, 0x0000000100000000)
  region size 1024K, 11 young (11264K), 4 survivors (4096K)
 Metaspace       used 61677K, committed 62016K, reserved 1105920K
  class space    used 8142K, committed 8320K, reserved 1048576K
}
Event: 9.553 GC heap after
{Heap after GC invocations=23 (full 0):
 garbage-first heap   total 75776K, used 27409K [0x0000000083200000, 0x0000000100000000)
  region size 1024K, 3 young (3072K), 3 survivors (3072K)
 Metaspace       used 61677K, committed 62016K, reserved 1105920K
  class space    used 8142K, committed 8320K, reserved 1048576K
}
Event: 9.896 GC heap before
{Heap before GC invocations=24 (full 0):
 garbage-first heap   total 75776K, used 60177K [0x0000000083200000, 0x0000000100000000)
  region size 1024K, 35 young (35840K), 3 survivors (3072K)
 Metaspace       used 63629K, committed 64128K, reserved 1105920K
  class space    used 8483K, committed 8704K, reserved 1048576K
}
Event: 9.901 GC heap after
{Heap after GC invocations=25 (full 0):
 garbage-first heap   total 75776K, used 28851K [0x0000000083200000, 0x0000000100000000)
  region size 1024K, 4 young (4096K), 4 survivors (4096K)
 Metaspace       used 63629K, committed 64128K, reserved 1105920K
  class space    used 8483K, committed 8704K, reserved 1048576K
}
Event: 10.547 GC heap before
{Heap before GC invocations=26 (full 0):
 garbage-first heap   total 75776K, used 60595K [0x0000000083200000, 0x0000000100000000)
  region size 1024K, 35 young (35840K), 4 survivors (4096K)
 Metaspace       used 66933K, committed 67392K, reserved 1114112K
  class space    used 8977K, committed 9216K, reserved 1048576K
}
Event: 10.554 GC heap after
{Heap after GC invocations=27 (full 0):
 garbage-first heap   total 75776K, used 31633K [0x0000000083200000, 0x0000000100000000)
  region size 1024K, 5 young (5120K), 5 survivors (5120K)
 Metaspace       used 66933K, committed 67392K, reserved 1114112K
  class space    used 8977K, committed 9216K, reserved 1048576K
}
Event: 23.439 GC heap before
{Heap before GC invocations=27 (full 0):
 garbage-first heap   total 75776K, used 58257K [0x0000000083200000, 0x0000000100000000)
  region size 1024K, 32 young (32768K), 5 survivors (5120K)
 Metaspace       used 70870K, committed 71360K, reserved 1114112K
  class space    used 9435K, committed 9664K, reserved 1048576K
}
Event: 23.446 GC heap after
{Heap after GC invocations=28 (full 0):
 garbage-first heap   total 75776K, used 33894K [0x0000000083200000, 0x0000000100000000)
  region size 1024K, 3 young (3072K), 3 survivors (3072K)
 Metaspace       used 70870K, committed 71360K, reserved 1114112K
  class space    used 9435K, committed 9664K, reserved 1048576K
}
Event: 24.349 GC heap before
{Heap before GC invocations=28 (full 0):
 garbage-first heap   total 75776K, used 58470K [0x0000000083200000, 0x0000000100000000)
  region size 1024K, 28 young (28672K), 3 survivors (3072K)
 Metaspace       used 75833K, committed 76224K, reserved 1122304K
  class space    used 9861K, committed 10048K, reserved 1048576K
}
Event: 24.354 GC heap after
{Heap after GC invocations=29 (full 0):
 garbage-first heap   total 75776K, used 34911K [0x0000000083200000, 0x0000000100000000)
  region size 1024K, 2 young (2048K), 2 survivors (2048K)
 Metaspace       used 75833K, committed 76224K, reserved 1122304K
  class space    used 9861K, committed 10048K, reserved 1048576K
}
Event: 31.456 GC heap before
{Heap before GC invocations=29 (full 0):
 garbage-first heap   total 75776K, used 59487K [0x0000000083200000, 0x0000000100000000)
  region size 1024K, 27 young (27648K), 2 survivors (2048K)
 Metaspace       used 79149K, committed 79552K, reserved 1122304K
  class space    used 10259K, committed 10432K, reserved 1048576K
}
Event: 31.461 GC heap after
{Heap after GC invocations=30 (full 0):
 garbage-first heap   total 75776K, used 36292K [0x0000000083200000, 0x0000000100000000)
  region size 1024K, 3 young (3072K), 3 survivors (3072K)
 Metaspace       used 79149K, committed 79552K, reserved 1122304K
  class space    used 10259K, committed 10432K, reserved 1048576K
}
Event: 31.942 GC heap before
{Heap before GC invocations=31 (full 0):
 garbage-first heap   total 75776K, used 59844K [0x0000000083200000, 0x0000000100000000)
  region size 1024K, 27 young (27648K), 3 survivors (3072K)
 Metaspace       used 79280K, committed 79744K, reserved 1122304K
  class space    used 10280K, committed 10496K, reserved 1048576K
}
Event: 31.945 GC heap after
{Heap after GC invocations=32 (full 0):
 garbage-first heap   total 75776K, used 36775K [0x0000000083200000, 0x0000000100000000)
  region size 1024K, 3 young (3072K), 3 survivors (3072K)
 Metaspace       used 79280K, committed 79744K, reserved 1122304K
  class space    used 10280K, committed 10496K, reserved 1048576K
}
Event: 31.952 GC heap before
{Heap before GC invocations=32 (full 0):
 garbage-first heap   total 75776K, used 36775K [0x0000000083200000, 0x0000000100000000)
  region size 1024K, 4 young (4096K), 3 survivors (3072K)
 Metaspace       used 79280K, committed 79744K, reserved 1122304K
  class space    used 10280K, committed 10496K, reserved 1048576K
}
Event: 31.954 GC heap after
{Heap after GC invocations=33 (full 0):
 garbage-first heap   total 75776K, used 36582K [0x0000000083200000, 0x0000000100000000)
  region size 1024K, 1 young (1024K), 1 survivors (1024K)
 Metaspace       used 79280K, committed 79744K, reserved 1122304K
  class space    used 10280K, committed 10496K, reserved 1048576K
}

Deoptimization events (20 events):
Event: 5.723 Thread 0x000002b17df71ba0 DEOPT PACKING pc=0x000002b172cd91c5 sp=0x000000f9ba3fba40
Event: 5.723 Thread 0x000002b17df71ba0 DEOPT UNPACKING pc=0x000002b172556763 sp=0x000000f9ba3fb008 mode 3
Event: 9.909 Thread 0x000002b17df71ba0 DEOPT PACKING pc=0x000002b1729c7831 sp=0x000000f9ba3fc530
Event: 9.909 Thread 0x000002b17df71ba0 DEOPT UNPACKING pc=0x000002b172556763 sp=0x000000f9ba3fba48 mode 3
Event: 9.909 Thread 0x000002b17df71ba0 DEOPT PACKING pc=0x000002b1729bbf54 sp=0x000000f9ba3fc4f0
Event: 9.909 Thread 0x000002b17df71ba0 DEOPT UNPACKING pc=0x000002b172556763 sp=0x000000f9ba3fba48 mode 3
Event: 24.283 Thread 0x000002b17f62e3c0 DEOPT PACKING pc=0x000002b173242483 sp=0x000000f9bacfa040
Event: 24.283 Thread 0x000002b17f62e3c0 DEOPT UNPACKING pc=0x000002b172556763 sp=0x000000f9bacf9798 mode 3
Event: 24.316 Thread 0x000002b17f62e3c0 DEOPT PACKING pc=0x000002b17325d55b sp=0x000000f9bacfaaa0
Event: 24.316 Thread 0x000002b17f62e3c0 DEOPT UNPACKING pc=0x000002b172556763 sp=0x000000f9bacf9f38 mode 3
Event: 24.380 Thread 0x000002b17f62e3c0 DEOPT PACKING pc=0x000002b172628365 sp=0x000000f9bacf9b40
Event: 24.380 Thread 0x000002b17f62e3c0 DEOPT UNPACKING pc=0x000002b172556763 sp=0x000000f9bacf9038 mode 3
Event: 24.399 Thread 0x000002b17f62e3c0 DEOPT PACKING pc=0x000002b17285616e sp=0x000000f9bacfa440
Event: 24.399 Thread 0x000002b17f62e3c0 DEOPT UNPACKING pc=0x000002b172556763 sp=0x000000f9bacf9900 mode 3
Event: 31.552 Thread 0x000002b17f62ed60 DEOPT PACKING pc=0x000002b173180233 sp=0x000000f9baffa9b0
Event: 31.552 Thread 0x000002b17f62ed60 DEOPT UNPACKING pc=0x000002b172556763 sp=0x000000f9baff9eb0 mode 3
Event: 31.556 Thread 0x000002b17f62ed60 DEOPT PACKING pc=0x000002b17334fdb6 sp=0x000000f9baff9df0
Event: 31.556 Thread 0x000002b17f62ed60 DEOPT UNPACKING pc=0x000002b172556763 sp=0x000000f9baff92f8 mode 3
Event: 31.959 Thread 0x000002b17f62ed60 DEOPT PACKING pc=0x000002b1734000a8 sp=0x000000f9baff9b10
Event: 31.959 Thread 0x000002b17f62ed60 DEOPT UNPACKING pc=0x000002b172556763 sp=0x000000f9baff8fa0 mode 3

Classes unloaded (0 events):
No events

Classes redefined (0 events):
No events

Internal exceptions (20 events):
Event: 31.399 Thread 0x000002b17f62ed60 Exception <a 'java/lang/ClassNotFoundException'{0x000000008640acf0}: javax/servlet/jsp/jstl/core/LoopTagSupportBeanInfo> (0x000000008640acf0) 
thrown [e:\jenkins\tmp\workspace\build\src\src\hotspot\share\classfile\systemDictionary.cpp, line 256]
Event: 31.401 Thread 0x000002b17f62ed60 Exception <a 'java/lang/ClassNotFoundException'{0x0000000086414010}: javax/servlet/jsp/tagext/TagSupportBeanInfo> (0x0000000086414010) 
thrown [e:\jenkins\tmp\workspace\build\src\src\hotspot\share\classfile\systemDictionary.cpp, line 256]
Event: 31.402 Thread 0x000002b17f62ed60 Exception <a 'java/lang/ClassNotFoundException'{0x000000008641d398}: javax/servlet/jsp/tagext/TagSupportCustomizer> (0x000000008641d398) 
thrown [e:\jenkins\tmp\workspace\build\src\src\hotspot\share\classfile\systemDictionary.cpp, line 256]
Event: 31.403 Thread 0x000002b17f62ed60 Exception <a 'java/lang/ClassNotFoundException'{0x0000000086431510}: javax/servlet/jsp/jstl/core/LoopTagSupportCustomizer> (0x0000000086431510) 
thrown [e:\jenkins\tmp\workspace\build\src\src\hotspot\share\classfile\systemDictionary.cpp, line 256]
Event: 31.406 Thread 0x000002b17f62ed60 Exception <a 'java/lang/ClassNotFoundException'{0x0000000086455748}: org/apache/taglibs/standard/tag/common/core/ForEachSupportCustomizer> (0x0000000086455748) 
thrown [e:\jenkins\tmp\workspace\build\src\src\hotspot\share\classfile\systemDictionary.cpp, line 256]
Event: 31.408 Thread 0x000002b17f62ed60 Exception <a 'java/lang/ClassNotFoundException'{0x00000000864672a8}: org/apache/taglibs/standard/tag/rt/core/ForEachTagCustomizer> (0x00000000864672a8) 
thrown [e:\jenkins\tmp\workspace\build\src\src\hotspot\share\classfile\systemDictionary.cpp, line 256]
Event: 31.418 Thread 0x000002b17f62ed60 Exception <a 'java/lang/ArrayIndexOutOfBoundsException'{0x00000000864f4f58}> (0x00000000864f4f58) 
thrown [e:\jenkins\tmp\workspace\build\src\src\hotspot\share\runtime\sharedRuntime.cpp, line 628]
Event: 31.552 Thread 0x000002b17f62ed60 Implicit null exception at 0x000002b17317fc54 to 0x000002b17318022e
Event: 31.556 Thread 0x000002b17f62ed60 Implicit null exception at 0x000002b17334f1ea to 0x000002b17334fdb1
Event: 31.656 Thread 0x000002b17f62ed60 Exception <a 'java/lang/ArrayIndexOutOfBoundsException'{0x0000000087367e58}> (0x0000000087367e58) 
thrown [e:\jenkins\tmp\workspace\build\src\src\hotspot\share\runtime\sharedRuntime.cpp, line 628]
Event: 31.770 Thread 0x000002b17f62ed60 Exception <a 'java/lang/ArrayIndexOutOfBoundsException'{0x0000000086c0f190}> (0x0000000086c0f190) 
thrown [e:\jenkins\tmp\workspace\build\src\src\hotspot\share\runtime\sharedRuntime.cpp, line 628]
Event: 31.870 Thread 0x000002b17f62ed60 Exception <a 'java/lang/ClassNotFoundException'{0x000000008666d9a0}: com/ht/modals/PropertyBeanInfo> (0x000000008666d9a0) 
thrown [e:\jenkins\tmp\workspace\build\src\src\hotspot\share\classfile\systemDictionary.cpp, line 256]
Event: 31.873 Thread 0x000002b17f62ed60 Exception <a 'java/lang/ClassNotFoundException'{0x00000000866775f8}: com/ht/modals/PropertyCustomizer> (0x00000000866775f8) 
thrown [e:\jenkins\tmp\workspace\build\src\src\hotspot\share\classfile\systemDictionary.cpp, line 256]
Event: 31.875 Thread 0x000002b17f62ed60 Exception <a 'java/lang/ClassNotFoundException'{0x0000000086694d40}: com/ht/modals/UserDetailsBeanInfo> (0x0000000086694d40) 
thrown [e:\jenkins\tmp\workspace\build\src\src\hotspot\share\classfile\systemDictionary.cpp, line 256]
Event: 31.876 Thread 0x000002b17f62ed60 Exception <a 'java/lang/ClassNotFoundException'{0x000000008669eb10}: com/ht/modals/UserDetailsCustomizer> (0x000000008669eb10) 
thrown [e:\jenkins\tmp\workspace\build\src\src\hotspot\share\classfile\systemDictionary.cpp, line 256]
Event: 31.885 Thread 0x000002b17f62ed60 Exception <a 'java/lang/ArrayIndexOutOfBoundsException'{0x00000000865139c0}> (0x00000000865139c0) 
thrown [e:\jenkins\tmp\workspace\build\src\src\hotspot\share\runtime\sharedRuntime.cpp, line 628]
Event: 31.959 Thread 0x000002b17f62ed60 Implicit null exception at 0x000002b1733ffe5a to 0x000002b1734000a3
Event: 42.257 Thread 0x000002b17f630a40 Exception <a 'java/lang/ArrayIndexOutOfBoundsException'{0x00000000875a31e8}> (0x00000000875a31e8) 
thrown [e:\jenkins\tmp\workspace\build\src\src\hotspot\share\runtime\sharedRuntime.cpp, line 628]
Event: 44.457 Thread 0x000002b17f62aed0 Exception <a 'java/lang/ArrayIndexOutOfBoundsException'{0x0000000086d336e8}> (0x0000000086d336e8) 
thrown [e:\jenkins\tmp\workspace\build\src\src\hotspot\share\runtime\sharedRuntime.cpp, line 628]
Event: 90.565 Thread 0x000002b17f630570 Implicit null exception at 0x000002b1732f54cc to 0x0000000000000000

VM Operations (20 events):
Event: 44.548 Executing VM operation: get/set locals
Event: 44.548 Executing VM operation: get/set locals done
Event: 44.549 Executing VM operation: get/set locals
Event: 44.549 Executing VM operation: get/set locals done
Event: 44.550 Executing VM operation: get/set locals
Event: 44.550 Executing VM operation: get/set locals done
Event: 44.550 Executing VM operation: get/set locals
Event: 44.550 Executing VM operation: get/set locals done
Event: 45.564 Executing VM operation: Cleanup
Event: 45.564 Executing VM operation: Cleanup done
Event: 66.731 Executing VM operation: Cleanup
Event: 66.731 Executing VM operation: Cleanup done
Event: 75.815 Executing VM operation: Cleanup
Event: 75.815 Executing VM operation: Cleanup done
Event: 84.895 Executing VM operation: Cleanup
Event: 84.895 Executing VM operation: Cleanup done
Event: 90.554 Executing VM operation: get/set locals
Event: 90.557 Executing VM operation: get/set locals done
Event: 90.561 Executing VM operation: get/set locals
Event: 90.562 Executing VM operation: get/set locals done

Events (20 events):
Event: 31.333 loading class sun/net/www/MimeTable done
Event: 31.333 loading class sun/net/www/MimeTable$1
Event: 31.333 loading class sun/net/www/MimeTable$1 done
Event: 31.334 loading class sun/net/www/MimeTable$DefaultInstanceHolder
Event: 31.334 loading class sun/net/www/MimeTable$DefaultInstanceHolder done
Event: 31.334 loading class sun/net/www/MimeTable$DefaultInstanceHolder$1
Event: 31.334 loading class sun/net/www/MimeTable$DefaultInstanceHolder$1 done
Event: 31.336 loading class sun/net/www/MimeEntry
Event: 31.336 loading class sun/net/www/MimeEntry done
Event: 31.380 loading class com/sun/org/apache/xerces/internal/util/EntityResolverWrapper
Event: 31.380 loading class com/sun/org/apache/xerces/internal/util/EntityResolverWrapper done
Event: 31.392 Thread 0x000002b17eb8edf0 Thread added: 0x000002b17eb8edf0
Event: 32.019 loading class sun/nio/cs/ISO_8859_1$Encoder
Event: 32.020 loading class sun/nio/cs/ISO_8859_1$Encoder done
Event: 32.020 loading class sun/nio/cs/Surrogate$Parser
Event: 32.021 loading class sun/nio/cs/Surrogate$Parser done
Event: 32.021 loading class sun/nio/cs/Surrogate
Event: 32.021 loading class sun/nio/cs/Surrogate done
Event: 34.728 Thread 0x000002b17eb8edf0 Thread exited: 0x000002b17eb8edf0
Event: 36.729 Thread 0x000002b17eb91670 Thread exited: 0x000002b17eb91670


Dynamic libraries:
0x00007ff7f6050000 - 0x00007ff7f605e000 	C:\Program Files (x86)\sts-4.13.1.RELEASE\plugins\org.eclipse.justj.openjdk.hotspot.jre.full.win32.x86_64_17.0.1.v20211116-1657\jre\bin\javaw.exe
0x000002b16d350000 - 0x000002b16d5b3000 	C:\WINDOWS\SYSTEM32\ntd1l.dll
0x000002b16ce50000 - 0x000002b16cf18000 	C:\WINDOWS\System32\kern3l32.dll
0x00007fff8a500000 - 0x00007fff8a763000 	C:\WINDOWS\SYSTEM32\ntdll.dll
0x00007fff892c0000 - 0x00007fff89388000 	C:\WINDOWS\System32\KERNEL32.DLL
0x00007fff878d0000 - 0x00007fff87c82000 	C:\WINDOWS\System32\KERNELBASE.dll
0x00007fff87400000 - 0x00007fff87816000 	C:\Program Files\SentinelOne\Sentinel Agent 24.1.5.277\InProcessClient64.dll
0x00007fff88450000 - 0x00007fff88504000 	C:\WINDOWS\System32\ADVAPI32.dll
0x00007fff893d0000 - 0x00007fff89479000 	C:\WINDOWS\System32\msvcrt.dll
0x00007fff89210000 - 0x00007fff892b6000 	C:\WINDOWS\System32\sechost.dll
0x00007fff89dd0000 - 0x00007fff89ee6000 	C:\WINDOWS\System32\RPCRT4.dll
0x00007fff87cc0000 - 0x00007fff87e0b000 	C:\WINDOWS\System32\ucrtbase.dll
0x00007fff3a7c0000 - 0x00007fff3a7d8000 	C:\Program Files (x86)\sts-4.13.1.RELEASE\plugins\org.eclipse.justj.openjdk.hotspot.jre.full.win32.x86_64_17.0.1.v20211116-1657\jre\bin\jli.dll
0x00007fff89020000 - 0x00007fff891e8000 	C:\WINDOWS\System32\USER32.dll
0x00007fff87c90000 - 0x00007fff87cb7000 	C:\WINDOWS\System32\win32u.dll
0x00007fff888e0000 - 0x00007fff8890a000 	C:\WINDOWS\System32\GDI32.dll
0x00007fff87f90000 - 0x00007fff880bb000 	C:\WINDOWS\System32\gdi32full.dll
0x00007fff88220000 - 0x00007fff882c3000 	C:\WINDOWS\System32\msvcp_win.dll
0x00007fff34de0000 - 0x00007fff34df9000 	C:\Program Files (x86)\sts-4.13.1.RELEASE\plugins\org.eclipse.justj.openjdk.hotspot.jre.full.win32.x86_64_17.0.1.v20211116-1657\jre\bin\VCRUNTIME140.dll
0x00007fff59fe0000 - 0x00007fff5a270000 	C:\WINDOWS\WinSxS\amd64_microsoft.windows.common-controls_6595b64144ccf1df_6.0.26100.2454_none_3e0b68a2e331ad60\COMCTL32.dll
0x00007fff87330000 - 0x00007fff8733b000 	C:\WINDOWS\SYSTEM32\VERSION.dll
0x00007fff87320000 - 0x00007fff8732c000 	C:\WINDOWS\SYSTEM32\FLTLIB.DLL
0x00007fff89900000 - 0x00007fff8992f000 	C:\WINDOWS\System32\IMM32.DLL
0x00007fff411f0000 - 0x00007fff411fc000 	C:\Program Files (x86)\sts-4.13.1.RELEASE\plugins\org.eclipse.justj.openjdk.hotspot.jre.full.win32.x86_64_17.0.1.v20211116-1657\jre\bin\vcruntime140_1.dll
0x00007ffefda10000 - 0x00007ffefdaa1000 	C:\Program Files (x86)\sts-4.13.1.RELEASE\plugins\org.eclipse.justj.openjdk.hotspot.jre.full.win32.x86_64_17.0.1.v20211116-1657\jre\bin\msvcp140.dll
0x00007ffefcdc0000 - 0x00007ffefda06000 	C:\Program Files (x86)\sts-4.13.1.RELEASE\plugins\org.eclipse.justj.openjdk.hotspot.jre.full.win32.x86_64_17.0.1.v20211116-1657\jre\bin\server\jvm.dll
0x000002b16cf70000 - 0x000002b16cf78000 	C:\WINDOWS\System32\PSAPI.DLL
0x00007fff60870000 - 0x00007fff6087a000 	C:\WINDOWS\SYSTEM32\WSOCK32.dll
0x00007fff88860000 - 0x00007fff888d4000 	C:\WINDOWS\System32\WS2_32.dll
0x00007fff792b0000 - 0x00007fff792e6000 	C:\WINDOWS\SYSTEM32\WINMM.dll
0x00007fff86290000 - 0x00007fff862aa000 	C:\WINDOWS\SYSTEM32\kernel.appcore.dll
0x00007fff3d860000 - 0x00007fff3d86a000 	C:\Program Files (x86)\sts-4.13.1.RELEASE\plugins\org.eclipse.justj.openjdk.hotspot.jre.full.win32.x86_64_17.0.1.v20211116-1657\jre\bin\jimage.dll
0x00007fff84dd0000 - 0x00007fff85011000 	C:\WINDOWS\SYSTEM32\DBGHELP.DLL
0x00007fff8a130000 - 0x00007fff8a4ae000 	C:\WINDOWS\System32\combase.dll
0x00007fff8a050000 - 0x00007fff8a126000 	C:\WINDOWS\System32\OLEAUT32.dll
0x00007fff79110000 - 0x00007fff79149000 	C:\WINDOWS\SYSTEM32\dbgcore.DLL
0x00007fff880c0000 - 0x00007fff88159000 	C:\WINDOWS\System32\bcryptPrimitives.dll
0x00007fff0bc20000 - 0x00007fff0bccd000 	C:\Program Files\SentinelOne\Sentinel Agent 24.1.5.277\SentinelJava64.dll
0x00007fff883f0000 - 0x00007fff8844d000 	C:\WINDOWS\System32\SHLWAPI.dll
0x00007fff89480000 - 0x00007fff89619000 	C:\WINDOWS\System32\ole32.dll
0x00007fff0d300000 - 0x00007fff0d325000 	C:\Program Files (x86)\sts-4.13.1.RELEASE\plugins\org.eclipse.justj.openjdk.hotspot.jre.full.win32.x86_64_17.0.1.v20211116-1657\jre\bin\java.dll
0x00007fff1cdc0000 - 0x00007fff1cdd8000 	C:\Program Files (x86)\sts-4.13.1.RELEASE\plugins\org.eclipse.justj.openjdk.hotspot.jre.full.win32.x86_64_17.0.1.v20211116-1657\jre\bin\zip.dll
0x00007fff88910000 - 0x00007fff89010000 	C:\WINDOWS\System32\SHELL32.dll
0x00007fff85160000 - 0x00007fff85991000 	C:\WINDOWS\SYSTEM32\windows.storage.dll
0x00007fff896d0000 - 0x00007fff897aa000 	C:\WINDOWS\System32\SHCORE.dll
0x00007fff873c0000 - 0x00007fff873ee000 	C:\WINDOWS\SYSTEM32\profapi.dll
0x00007fff0d2e0000 - 0x00007fff0d2f9000 	C:\Program Files (x86)\sts-4.13.1.RELEASE\plugins\org.eclipse.justj.openjdk.hotspot.jre.full.win32.x86_64_17.0.1.v20211116-1657\jre\bin\net.dll
0x00007fff7fd40000 - 0x00007fff7fe66000 	C:\WINDOWS\SYSTEM32\WINHTTP.dll
0x00007fff86770000 - 0x00007fff867d8000 	C:\WINDOWS\system32\mswsock.dll
0x00007fff0d2c0000 - 0x00007fff0d2d5000 	C:\Program Files (x86)\sts-4.13.1.RELEASE\plugins\org.eclipse.justj.openjdk.hotspot.jre.full.win32.x86_64_17.0.1.v20211116-1657\jre\bin\nio.dll
0x00007fff3a7b0000 - 0x00007fff3a7b9000 	C:\Program Files (x86)\sts-4.13.1.RELEASE\plugins\org.eclipse.justj.openjdk.hotspot.jre.full.win32.x86_64_17.0.1.v20211116-1657\jre\bin\management.dll
0x00007ffefcdb0000 - 0x00007ffefcdbb000 	C:\Program Files (x86)\sts-4.13.1.RELEASE\plugins\org.eclipse.justj.openjdk.hotspot.jre.full.win32.x86_64_17.0.1.v20211116-1657\jre\bin\management_ext.dll
0x00007fff72490000 - 0x00007fff724a8000 	C:\WINDOWS\system32\napinsp.dll
0x00007fff85cf0000 - 0x00007fff85e15000 	C:\WINDOWS\SYSTEM32\DNSAPI.dll
0x00007fff85cb0000 - 0x00007fff85ce2000 	C:\WINDOWS\SYSTEM32\IPHLPAPI.DLL
0x00007fff896c0000 - 0x00007fff896ca000 	C:\WINDOWS\System32\NSI.dll
0x00007fff71a10000 - 0x00007fff71a22000 	C:\WINDOWS\System32\winrnr.dll
0x00007fff71890000 - 0x00007fff718b2000 	C:\WINDOWS\system32\nlansp_c.dll
0x00007fff7fba0000 - 0x00007fff7fbb6000 	C:\WINDOWS\system32\wshbth.dll
0x00007fff7d390000 - 0x00007fff7d39b000 	C:\Windows\System32\rasadhlp.dll
0x00007fff7eab0000 - 0x00007fff7eb35000 	C:\WINDOWS\System32\fwpuclnt.dll
0x00007fff86b40000 - 0x00007fff86b5c000 	C:\WINDOWS\SYSTEM32\CRYPTSP.dll
0x00007fff861f0000 - 0x00007fff86228000 	C:\WINDOWS\system32\rsaenh.dll
0x00007fff86810000 - 0x00007fff8683b000 	C:\WINDOWS\SYSTEM32\USERENV.dll
0x00007fff86b90000 - 0x00007fff86bb6000 	C:\WINDOWS\SYSTEM32\bcrypt.dll
0x00007fff869a0000 - 0x00007fff869ac000 	C:\WINDOWS\SYSTEM32\CRYPTBASE.dll
0x00007fff7f500000 - 0x00007fff7f51e000 	C:\WINDOWS\SYSTEM32\dhcpcsvc6.DLL
0x00007fff7ea80000 - 0x00007fff7eaa5000 	C:\WINDOWS\SYSTEM32\dhcpcsvc.DLL
0x00007ffefcda0000 - 0x00007ffefcdb0000 	C:\Program Files (x86)\sts-4.13.1.RELEASE\plugins\org.eclipse.justj.openjdk.hotspot.jre.full.win32.x86_64_17.0.1.v20211116-1657\jre\bin\verify.dll
0x00007fff69ca0000 - 0x00007fff69cae000 	C:\Program Files (x86)\sts-4.13.1.RELEASE\plugins\org.eclipse.justj.openjdk.hotspot.jre.full.win32.x86_64_17.0.1.v20211116-1657\jre\bin\sunmscapi.dll
0x00007fff87e10000 - 0x00007fff87f86000 	C:\WINDOWS\System32\CRYPT32.dll
0x00007fff86b00000 - 0x00007fff86b30000 	C:\WINDOWS\SYSTEM32\ncrypt.dll
0x00007fff86ab0000 - 0x00007fff86aef000 	C:\WINDOWS\SYSTEM32\NTASN1.dll
0x00007fff7e170000 - 0x00007fff7e178000 	C:\WINDOWS\system32\wshunix.dll

dbghelp: loaded successfully - version: 4.0.5 - missing functions: none
symbol engine: initialized successfully - sym options: 0x614 - pdb path: .;C:\Program Files (x86)\sts-4.13.1.RELEASE\plugins\org.eclipse.justj.openjdk.hotspot.jre.full.win32.x86_64_17.0.1.v20211116-1657\jre\bin;C:\WINDOWS\SYSTEM32;C:\Program Files\SentinelOne\Sentinel Agent 24.1.5.277;C:\WINDOWS\WinSxS\amd64_microsoft.windows.common-controls_6595b64144ccf1df_6.0.26100.2454_none_3e0b68a2e331ad60;C:\Program Files (x86)\sts-4.13.1.RELEASE\plugins\org.eclipse.justj.openjdk.hotspot.jre.full.win32.x86_64_17.0.1.v20211116-1657\jre\bin\server

VM Arguments:
jvm_args: -Dcom.sun.management.jmxremote -Dcom.sun.management.jmxremote.port=51040 -Dcom.sun.management.jmxremote.authenticate=false -Dcom.sun.management.jmxremote.ssl=false -Djava.rmi.server.hostname=localhost -Dspring.jmx.enabled=true -Dmanagement.endpoints.jmx.exposure.include=* -Dspring.application.admin.enabled=true -XX:TieredStopAtLevel=1 -Dspring.boot.project.name=housing-trio -Dfile.encoding=UTF-8 -Dstdout.encoding=UTF-8 -Dstderr.encoding=UTF-8 -XX:+ShowCodeDetailsInExceptionMessages -agentpath:C:\Program Files\SentinelOne\Sentinel Agent 24.1.5.277\SentinelJava64.dll=extendedCapabilities 
java_command: com.ht.HousingTrioApplication --spring.output.ansi.enabled=always
java_class_path (initial): D:\Ahad\Boot-Workspace\housing-trio\target\classes;C:\Users\Mohammed.A\.m2\repository\org\springframework\boot\spring-boot-starter-web\2.7.18\spring-boot-starter-web-2.7.18.jar;C:\Users\Mohammed.A\.m2\repository\org\springframework\boot\spring-boot-starter\2.7.18\spring-boot-starter-2.7.18.jar;C:\Users\Mohammed.A\.m2\repository\org\springframework\boot\spring-boot-starter-logging\2.7.18\spring-boot-starter-logging-2.7.18.jar;C:\Users\Mohammed.A\.m2\repository\ch\qos\logback\logback-classic\1.2.12\logback-classic-1.2.12.jar;C:\Users\Mohammed.A\.m2\repository\ch\qos\logback\logback-core\1.2.12\logback-core-1.2.12.jar;C:\Users\Mohammed.A\.m2\repository\org\apache\logging\log4j\log4j-to-slf4j\2.17.2\log4j-to-slf4j-2.17.2.jar;C:\Users\Mohammed.A\.m2\repository\org\apache\logging\log4j\log4j-api\2.17.2\log4j-api-2.17.2.jar;C:\Users\Mohammed.A\.m2\repository\org\slf4j\jul-to-slf4j\1.7.36\jul-to-slf4j-1.7.36.jar;C:\Users\Mohammed.A\.m2\repository\org\yaml\snakeyaml\1.30\snakeyaml-1.30.jar;C:\Users\Mohammed.A\.m2\repository\org\springframework\boot\spring-boot-starter-json\2.7.18\spring-boot-starter-json-2.7.18.jar;C:\Users\Mohammed.A\.m2\repository\com\fasterxml\jackson\core\jackson-databind\2.13.5\jackson-databind-2.13.5.jar;C:\Users\Mohammed.A\.m2\repository\com\fasterxml\jackson\core\jackson-annotations\2.13.5\jackson-annotations-2.13.5.jar;C:\Users\Mohammed.A\.m2\repository\com\fasterxml\jackson\core\jackson-core\2.13.5\jackson-core-2.13.5.jar;C:\Users\Mohammed.A\.m2\repository\com\fasterxml\jackson\datatype\jackson-datatype-jdk8\2.13.5\jackson-datatype-jdk8-2.13.5.jar;C:\Users\Mohammed.A\.m2\repository\com\fasterxml\jackson\datatype\jackson-datatype-jsr310\2.13.5\jackson-datatype-jsr310-2.13.5.jar;C:\Users\Mohammed.A\.m2\repository\com\fasterxml\jackson\module\jackson-module-parameter-names\2.13.5\jackson-module-parameter-names-2.13.5.jar;C:\Users\Mohammed.A\.m2\repository\org\springframework\spring-web\5.3.31\spring-web-5.3.31.jar;C:\Users
Launcher Type: SUN_STANDARD

[Global flags]
     intx CICompilerCount                          = 3                                         {product} {ergonomic}
     uint ConcGCThreads                            = 1                                         {product} {ergonomic}
     uint G1ConcRefinementThreads                  = 4                                         {product} {ergonomic}
   size_t G1HeapRegionSize                         = 1048576                                   {product} {ergonomic}
    uintx GCDrainStackTargetSize                   = 64                                        {product} {ergonomic}
   size_t InitialHeapSize                          = 132120576                                 {product} {ergonomic}
     bool ManagementServer                         = true                                      {product} {command line}
   size_t MarkStackSize                            = 4194304                                   {product} {ergonomic}
   size_t MaxHeapSize                              = 2095054848                                {product} {ergonomic}
   size_t MaxNewSize                               = 1256194048                                {product} {ergonomic}
   size_t MinHeapDeltaBytes                        = 1048576                                   {product} {ergonomic}
   size_t MinHeapSize                              = 8388608                                   {product} {ergonomic}
    uintx NonProfiledCodeHeapSize                  = 0                                      {pd product} {ergonomic}
     bool ProfileInterpreter                       = false                                  {pd product} {command line}
    uintx ProfiledCodeHeapSize                     = 0                                      {pd product} {ergonomic}
     bool ShowCodeDetailsInExceptionMessages       = true                                   {manageable} {command line}
   size_t SoftMaxHeapSize                          = 2095054848                             {manageable} {ergonomic}
     intx TieredStopAtLevel                        = 1                                         {product} {command line}
     bool UseCompressedClassPointers               = true                           {product lp64_product} {ergonomic}
     bool UseCompressedOops                        = true                           {product lp64_product} {ergonomic}
     bool UseG1GC                                  = true                                      {product} {ergonomic}
     bool UseLargePagesIndividualAllocation        = false                                  {pd product} {ergonomic}

Logging:
Log output configuration:
 #0: stdout all=warning uptime,level,tags
 #1: stderr all=off uptime,level,tags

Environment Variables:
JAVA_HOME=C:\Program Files\Java\jdk-21
PATH=C:/Users/Mohammed.A/Downloads/sts-4.21.0.RELEASE//plugins/org.eclipse.justj.openjdk.hotspot.jre.full.win32.x86_64_17.0.9.v20231028-0858/jre/bin/server;C:/Users/Mohammed.A/Downloads/sts-4.21.0.RELEASE//plugins/org.eclipse.justj.openjdk.hotspot.jre.full.win32.x86_64_17.0.9.v20231028-0858/jre/bin;C:\Program Files\Common Files\Oracle\Java\javapath;C:\Program Files (x86)\Common Files\Oracle\Java\java8path;C:\Program Files (x86)\Common Files\Oracle\Java\javapath;C:\ProgramData\Oracle\Java\javapath;C:\WINDOWS\system32;C:\WINDOWS;C:\WINDOWS\System32\Wbem;C:\WINDOWS\System32\WindowsPowerShell\v1.0\;C:\WINDOWS\System32\OpenSSH\;C:\Program Files\nodejs\;C:\Program Files\Java\jdk-21\bin;C:\Users\Mohammed.A\AppData\Local\Programs\Git\cmd;C:\Users\Mohammed.A\AppData\Local\Programs\Git\mingw64\bin;C:\Users\Mohammed.A\AppData\Local\Programs\Git\usr\bin;C:\Users\Mohammed.A\AppData\Local\Programs\Microsoft VS Code\bin;C:\Users\Mohammed.A\AppData\Local\Microsoft\WindowsApps;;C:\Users\Mohammed.A\Downloads\sts-4.21.0.RELEASE;
USERNAME=Mohammed.A
OS=Windows_NT
PROCESSOR_IDENTIFIER=Intel64 Family 6 Model 126 Stepping 5, GenuineIntel



---------------  S Y S T E M  ---------------

OS:
 Windows 10 , 64 bit Build 26100 (10.0.26100.2454)
OS uptime: 0 days 0:49 hours
Hyper-V role detected

CPU: total 4 (initial active 4) (2 cores per cpu, 2 threads per core) family 6 model 126 stepping 5 microcode 0xa6, cx8, cmov, fxsr, ht, mmx, 3dnowpref, sse, sse2, sse3, ssse3, sse4.1, sse4.2, popcnt, lzcnt, tsc, tscinvbit, avx, avx2, aes, erms, clmul, bmi1, bmi2, adx, avx512f, avx512dq, avx512cd, avx512bw, avx512vl, sha, fma, vzeroupper, avx512_vpopcntdq, avx512_vpclmulqdq, avx512_vaes, avx512_vnni, clflush, clflushopt, avx512_vbmi2, avx512_vbmi, hv

Memory: 4k page, system-wide physical 7987M (1001M free)
TotalPageFile size 19987M (AvailPageFile size 10362M)
current process WorkingSet (physical memory assigned to process): 250M, peak: 250M
current process commit charge ("private bytes"): 266M, peak: 266M

vm_info: OpenJDK 64-Bit Server VM (17.0.1+12) for windows-amd64 JRE (17.0.1+12), built on Oct 20 2021 07:42:55 by "" with MS VC++ 16.7 (VS2019)

END.
